[2023-03-05T17:32:21.326] [ERROR] default - error al deserialiar
[2023-03-05T17:35:23.855] [ERROR] default - error al deserialiar
[2023-03-05T17:36:34.940] [ERROR] default - error al deserialiar
[2023-03-05T17:36:37.673] [ERROR] default - error al deserialiar
[2023-03-05T17:39:57.177] [ERROR] default - error al deserialiar
[2023-03-05T17:40:54.203] [ERROR] default - error al deserialiar
[2023-03-05T17:43:11.003] [ERROR] default - error al deserialiar
[2023-03-05T17:44:14.942] [ERROR] default - error al deserialiar
[2023-03-05T17:44:24.236] [ERROR] default - error al deserialiar
[2023-03-05T17:45:01.994] [ERROR] default - error al deserialiar
[2023-03-05T17:45:08.322] [ERROR] default - error al deserialiar
[2023-03-05T17:49:38.731] [ERROR] default - error al desearilar MongooseError: Model.findById() no longer accepts a callback
[2023-03-05T17:50:59.665] [ERROR] default - error al desearilar MongooseError: Model.findById() no longer accepts a callback
[2023-03-05T17:51:28.435] [ERROR] default - error al desearilar MongooseError: Model.findById() no longer accepts a callback
[2023-03-05T17:51:35.897] [ERROR] default - error al desearilar MongooseError: Model.findById() no longer accepts a callback
[2023-03-05T17:51:58.990] [ERROR] default - error al desearilar MongooseError: Model.findById() no longer accepts a callback
[2023-03-05T17:52:09.045] [ERROR] default - error al desearilar MongooseError: Model.findById() no longer accepts a callback
[2023-03-05T17:52:40.477] [ERROR] default - error al desearilar MongooseError: Model.findById() no longer accepts a callback
[2023-03-05T17:52:41.444] [ERROR] default - error al desearilar MongooseError: Model.findById() no longer accepts a callback
[2023-03-05T17:55:20.834] [ERROR] default - error al desearilar MongooseError: Model.find() no longer accepts a callback
[2023-03-05T17:55:35.013] [ERROR] default - error al desearilar MongooseError: Model.findOne() no longer accepts a callback
[2023-03-05T17:55:43.954] [ERROR] default - error al desearilar MongooseError: Model.findOne() no longer accepts a callback
[2023-03-05T17:55:47.952] [ERROR] default - error al desearilar MongooseError: Model.findOne() no longer accepts a callback
[2023-03-05T17:56:21.310] [ERROR] default - error al desearilar MongooseError: Model.findById() no longer accepts a callback
[2023-03-05T17:56:23.067] [ERROR] default - error al desearilar MongooseError: Model.findById() no longer accepts a callback
[2023-03-05T17:56:52.641] [ERROR] default - error al desearilar MongooseError: Model.find() no longer accepts a callback
[2023-03-05T17:57:32.849] [ERROR] default - error al desearilar MongooseError: Model.findById() no longer accepts a callback
[2023-03-05T17:57:33.872] [ERROR] default - error al desearilar MongooseError: Model.findById() no longer accepts a callback
[2023-03-05T18:10:03.811] [ERROR] default - error al desearilar MongooseError: Query was already executed: usuarios.findOne({ _id: new ObjectId("6404f2e32937d606820f3e...
[2023-03-05T18:10:27.421] [ERROR] default - error al desearilar MongooseError: Query was already executed: usuarios.findOne({ _id: new ObjectId("6404f2e32937d606820f3e...
[2023-03-05T18:10:27.705] [ERROR] default - error al desearilar MongooseError: Query was already executed: usuarios.findOne({ _id: new ObjectId("6404f2e32937d606820f3e...
[2023-03-05T18:10:27.959] [ERROR] default - error al desearilar MongooseError: Query was already executed: usuarios.findOne({ _id: new ObjectId("6404f2e32937d606820f3e...
[2023-03-05T18:10:55.046] [ERROR] default - error al desearilar MongooseError: Query was already executed: usuarios.findOne({ _id: new ObjectId("6404f2e32937d606820f3e...
[2023-03-05T18:10:56.776] [ERROR] default - error al desearilar MongooseError: Query was already executed: usuarios.findOne({ _id: new ObjectId("6404f2e32937d606820f3e...
[2023-03-05T18:11:02.625] [ERROR] default - error al desearilar MongooseError: Query was already executed: usuarios.findOne({ _id: new ObjectId("6404f2e32937d606820f3e...
[2023-03-05T18:11:05.870] [ERROR] default - error al desearilar MongooseError: Query was already executed: usuarios.findOne({ _id: new ObjectId("6404f2e32937d606820f3e...
[2023-03-05T18:11:06.094] [ERROR] default - error al desearilar MongooseError: Query was already executed: usuarios.findOne({ _id: new ObjectId("6404f2e32937d606820f3e...
[2023-03-05T18:11:06.138] [WARN] default - Failed Requist GET at /chat/css/style.css
[2023-03-05T18:11:07.034] [ERROR] default - error al desearilar MongooseError: Query was already executed: usuarios.findOne({ _id: new ObjectId("6404f2e32937d606820f3e...
[2023-03-05T18:11:07.250] [ERROR] default - error al desearilar MongooseError: Query was already executed: usuarios.findOne({ _id: new ObjectId("6404f2e32937d606820f3e...
[2023-03-05T18:11:07.255] [ERROR] default - error al desearilar MongooseError: Query was already executed: usuarios.findOne({ _id: new ObjectId("6404f2e32937d606820f3e...
[2023-03-05T18:11:09.045] [ERROR] default - error al desearilar MongooseError: Query was already executed: usuarios.findOne({ _id: new ObjectId("6404f2e32937d606820f3e...
[2023-03-05T18:11:25.930] [ERROR] default - error al desearilar MongooseError: Query was already executed: usuarios.findOne({ _id: new ObjectId("6405057d32679de77a3e9b...
[2023-03-05T18:11:30.181] [ERROR] default - error al desearilar MongooseError: Query was already executed: usuarios.findOne({ _id: new ObjectId("6405057d32679de77a3e9b...
[2023-03-05T18:11:31.355] [ERROR] default - error al desearilar MongooseError: Query was already executed: usuarios.findOne({ _id: new ObjectId("6405057d32679de77a3e9b...
[2023-03-05T18:13:01.132] [ERROR] default - error al desearilar MongooseError: Query was already executed: usuarios.findOne({ _id: new ObjectId("6405057d32679de77a3e9b...
[2023-03-05T18:13:05.216] [ERROR] default - error al desearilar MongooseError: Query was already executed: usuarios.findOne({ _id: new ObjectId("6405057d32679de77a3e9b...
[2023-03-05T18:13:59.698] [ERROR] default - error al desearilar MongooseError: Query was already executed: usuarios.findOne({ _id: new ObjectId("6404f2e32937d606820f3e...
[2023-03-05T18:14:03.580] [ERROR] default - error al desearilar MongooseError: Query was already executed: usuarios.findOne({ _id: new ObjectId("6404f2e32937d606820f3e...
[2023-03-05T18:14:03.766] [ERROR] default - error al desearilar MongooseError: Query was already executed: usuarios.findOne({ _id: new ObjectId("6404f2e32937d606820f3e...
[2023-03-05T18:14:04.010] [ERROR] default - error al desearilar MongooseError: Query was already executed: usuarios.findOne({ _id: new ObjectId("6404f2e32937d606820f3e...
[2023-03-05T18:14:11.026] [ERROR] default - error al desearilar MongooseError: Query was already executed: usuarios.findOne({ _id: new ObjectId("6404f2e32937d606820f3e...
[2023-03-05T18:14:27.224] [ERROR] default - error al desearilar MongooseError: Query was already executed: usuarios.findOne({ _id: new ObjectId("6404f30e2937d606820f3e...
[2023-03-05T18:14:30.648] [ERROR] default - error al desearilar MongooseError: Query was already executed: usuarios.findOne({ _id: new ObjectId("6404f30e2937d606820f3e...
[2023-03-05T18:14:36.758] [ERROR] default - error al desearilar MongooseError: Query was already executed: usuarios.findOne({ _id: new ObjectId("6404f30e2937d606820f3e...
[2023-03-05T18:14:38.997] [ERROR] default - error al desearilar MongooseError: Query was already executed: usuarios.findOne({ _id: new ObjectId("6404f30e2937d606820f3e...
[2023-03-05T18:14:50.853] [ERROR] default - error al desearilar MongooseError: Query was already executed: usuarios.findOne({ _id: new ObjectId("6405064aaf1abc84295e80...
[2023-03-05T18:14:55.277] [ERROR] default - error al desearilar MongooseError: Query was already executed: usuarios.findOne({ _id: new ObjectId("6405064aaf1abc84295e80...
[2023-03-05T18:14:55.595] [ERROR] default - error al desearilar MongooseError: Query was already executed: usuarios.findOne({ _id: new ObjectId("6405064aaf1abc84295e80...
[2023-03-05T18:15:12.077] [ERROR] default - error al desearilar MongooseError: Query was already executed: usuarios.findOne({ _id: new ObjectId("6405064aaf1abc84295e80...
[2023-03-05T18:15:19.673] [ERROR] default - error al desearilar MongooseError: Query was already executed: usuarios.findOne({ _id: new ObjectId("6405064aaf1abc84295e80...
[2023-03-05T18:15:51.889] [ERROR] default - error al desearilar MongooseError: Query was already executed: usuarios.findOne({ _id: new ObjectId("6405064aaf1abc84295e80...
[2023-03-05T18:15:51.933] [WARN] default - Failed Requist POST at /
[2023-03-05T18:15:58.485] [ERROR] default - error al desearilar MongooseError: Query was already executed: usuarios.findOne({ _id: new ObjectId("6405064aaf1abc84295e80...
[2023-03-05T18:15:58.792] [ERROR] default - error al desearilar MongooseError: Query was already executed: usuarios.findOne({ _id: new ObjectId("6405064aaf1abc84295e80...
[2023-03-05T18:15:58.838] [WARN] default - Failed Requist POST at /
[2023-03-05T18:16:08.276] [ERROR] default - error al desearilar MongooseError: Query was already executed: usuarios.findOne({ _id: new ObjectId("6405064aaf1abc84295e80...
[2023-03-05T18:16:08.328] [WARN] default - Failed Requist GET at /productos
[2023-03-05T18:16:28.537] [ERROR] default - error al desearilar MongooseError: Query was already executed: usuarios.findOne({ _id: new ObjectId("6405064aaf1abc84295e80...
[2023-03-05T18:16:29.140] [ERROR] default - error al desearilar MongooseError: Query was already executed: usuarios.findOne({ _id: new ObjectId("6405064aaf1abc84295e80...
[2023-03-05T18:16:29.184] [WARN] default - Failed Requist POST at /
[2023-03-05T18:17:09.064] [ERROR] default - error al desearilar MongooseError: Query was already executed: usuarios.findOne({ _id: new ObjectId("6405064aaf1abc84295e80...
[2023-03-05T18:17:12.602] [ERROR] default - error al desearilar MongooseError: Query was already executed: usuarios.findOne({ _id: new ObjectId("6405064aaf1abc84295e80...
[2023-03-05T18:17:23.169] [ERROR] default - error al desearilar MongooseError: Query was already executed: usuarios.findOne({ _id: new ObjectId("6405064aaf1abc84295e80...
[2023-03-05T18:17:23.483] [ERROR] default - error al desearilar MongooseError: Query was already executed: usuarios.findOne({ _id: new ObjectId("6405064aaf1abc84295e80...
[2023-03-05T18:17:23.526] [WARN] default - Failed Requist POST at /
[2023-03-05T18:17:41.667] [ERROR] default - error al desearilar MongooseError: Query was already executed: usuarios.findOne({ _id: new ObjectId("6405064aaf1abc84295e80...
[2023-03-05T18:17:42.279] [ERROR] default - error al desearilar MongooseError: Query was already executed: usuarios.findOne({ _id: new ObjectId("6404f2e32937d606820f3e...
[2023-03-05T18:17:42.326] [WARN] default - Failed Requist POST at /
[2023-03-05T18:17:51.975] [ERROR] default - error al desearilar MongooseError: Query was already executed: usuarios.findOne({ _id: new ObjectId("6404f2e32937d606820f3e...
[2023-03-05T18:18:21.673] [ERROR] default - error al desearilar MongooseError: Query was already executed: usuarios.findOne({ _id: new ObjectId("6405064aaf1abc84295e80...
[2023-03-05T18:18:41.764] [ERROR] default - error al desearilar MongooseError: Query was already executed: usuarios.findOne({ _id: new ObjectId("6404f2e32937d606820f3e...
[2023-03-05T18:18:57.418] [ERROR] default - error al desearilar MongooseError: Query was already executed: usuarios.findOne({ _id: new ObjectId("6405064aaf1abc84295e80...
[2023-03-05T18:18:57.477] [WARN] default - Failed Requist POST at /
[2023-03-05T18:19:02.439] [ERROR] default - error al desearilar MongooseError: Query was already executed: usuarios.findOne({ _id: new ObjectId("6405064aaf1abc84295e80...
[2023-03-05T18:19:13.324] [ERROR] default - error al desearilar MongooseError: Query was already executed: usuarios.findOne({ _id: new ObjectId("6405064aaf1abc84295e80...
[2023-03-05T18:19:13.632] [ERROR] default - error al desearilar MongooseError: Query was already executed: usuarios.findOne({ _id: new ObjectId("6405064aaf1abc84295e80...
[2023-03-05T18:19:13.677] [WARN] default - Failed Requist POST at /
[2023-03-05T18:19:28.516] [ERROR] default - error al desearilar MongooseError: Query was already executed: usuarios.findOne({ _id: new ObjectId("6405064aaf1abc84295e80...
[2023-03-05T18:19:28.832] [ERROR] default - error al desearilar MongooseError: Query was already executed: usuarios.findOne({ _id: new ObjectId("6404f2e32937d606820f3e...
[2023-03-05T18:19:28.875] [WARN] default - Failed Requist POST at /
[2023-03-05T18:19:36.993] [ERROR] default - error al desearilar MongooseError: Query was already executed: usuarios.findOne({ _id: new ObjectId("6404f2e32937d606820f3e...
[2023-03-05T18:19:42.409] [ERROR] default - error al desearilar MongooseError: Query was already executed: usuarios.findOne({ _id: new ObjectId("6404f2e32937d606820f3e...
[2023-03-05T18:20:02.941] [ERROR] default - error al desearilar MongooseError: Query was already executed: usuarios.findOne({ _id: new ObjectId("6404f2e32937d606820f3e...
[2023-03-05T18:20:02.984] [WARN] default - Failed Requist POST at /
[2023-03-05T18:20:14.423] [ERROR] default - error al desearilar MongooseError: Query was already executed: usuarios.findOne({ _id: new ObjectId("6404f2e32937d606820f3e...
[2023-03-05T18:20:22.970] [ERROR] default - error al desearilar MongooseError: Query was already executed: usuarios.findOne({ _id: new ObjectId("6404f2e32937d606820f3e...
[2023-03-05T18:20:35.160] [ERROR] default - error al desearilar MongooseError: Query was already executed: usuarios.findOne({ _id: new ObjectId("6405064aaf1abc84295e80...
[2023-03-05T18:20:35.207] [WARN] default - Failed Requist POST at /
[2023-03-05T18:20:45.780] [ERROR] default - error al desearilar MongooseError: Query was already executed: usuarios.findOne({ _id: new ObjectId("6405064aaf1abc84295e80...
[2023-03-05T18:21:08.982] [ERROR] default - error al desearilar MongooseError: Query was already executed: usuarios.findOne({ _id: new ObjectId("6405064aaf1abc84295e80...
[2023-03-05T18:21:09.028] [WARN] default - Failed Requist POST at /api/carrito/compra/63bb2c6c3a0dace2b76929bd
[2023-03-05T18:21:19.445] [ERROR] default - error al desearilar MongooseError: Query was already executed: usuarios.findOne({ _id: new ObjectId("6405064aaf1abc84295e80...
[2023-03-05T18:21:19.540] [ERROR] default - error al añadir producto al carrito: CastError: Cast to ObjectId failed for value "compra" (type string) at path "_id" for model "carrito"
[2023-03-05T18:21:43.048] [ERROR] default - error al desearilar MongooseError: Query was already executed: usuarios.findOne({ _id: new ObjectId("6405064aaf1abc84295e80...
[2023-03-05T18:21:48.504] [ERROR] default - error al desearilar MongooseError: Query was already executed: usuarios.findOne({ _id: new ObjectId("6405064aaf1abc84295e80...
[2023-03-05T18:21:48.654] [ERROR] default - error al crear compra: ValidationError: domicilio: Path `domicilio` is required.
[2023-03-05T18:22:00.941] [ERROR] default - error al desearilar MongooseError: Query was already executed: usuarios.findOne({ _id: new ObjectId("6405064aaf1abc84295e80...
[2023-03-05T18:22:27.264] [ERROR] default - error al desearilar MongooseError: Query was already executed: usuarios.findOne({ _id: new ObjectId("6405064aaf1abc84295e80...
[2023-03-05T18:22:36.096] [ERROR] default - error al desearilar MongooseError: Query was already executed: usuarios.findOne({ _id: new ObjectId("6405064aaf1abc84295e80...
[2023-03-05T18:22:38.769] [ERROR] default - error al desearilar MongooseError: Query was already executed: usuarios.findOne({ _id: new ObjectId("6405064aaf1abc84295e80...
[2023-03-05T18:32:01.587] [ERROR] default - error al desearilar MongooseError: Query was already executed: usuarios.findOne({ _id: new ObjectId("6404f2e32937d606820f3e...
[2023-03-05T18:32:12.845] [ERROR] default - error al desearilar MongooseError: Query was already executed: usuarios.findOne({ _id: new ObjectId("6404f2e32937d606820f3e...
[2023-03-05T18:32:13.037] [ERROR] default - error al desearilar MongooseError: Query was already executed: usuarios.findOne({ _id: new ObjectId("6404f2e32937d606820f3e...
[2023-03-05T18:32:13.287] [ERROR] default - error al desearilar MongooseError: Query was already executed: usuarios.findOne({ _id: new ObjectId("6404f2e32937d606820f3e...
[2023-03-05T18:32:14.406] [ERROR] default - error al desearilar MongooseError: Query was already executed: usuarios.findOne({ _id: new ObjectId("6404f2e32937d606820f3e...
[2023-03-05T18:32:14.587] [ERROR] default - error al desearilar MongooseError: Query was already executed: usuarios.findOne({ _id: new ObjectId("6404f2e32937d606820f3e...
[2023-03-05T18:32:14.631] [WARN] default - Failed Requist GET at /chat/css/style.css
[2023-03-05T18:32:18.742] [ERROR] default - error al desearilar MongooseError: Query was already executed: usuarios.findOne({ _id: new ObjectId("6404f2e32937d606820f3e...
[2023-03-05T18:33:37.538] [ERROR] default - error al desearilar MongooseError: Query was already executed: usuarios.find({})
[2023-03-05T18:33:46.505] [ERROR] default - error al desearilar MongooseError: Query was already executed: usuarios.find({})
[2023-03-05T18:33:47.374] [ERROR] default - error al desearilar MongooseError: Query was already executed: usuarios.find({})
[2023-03-05T18:33:51.499] [ERROR] default - error al desearilar MongooseError: Query was already executed: usuarios.findOne({ _id: new ObjectId("6404f2e32937d606820f3e...
[2023-03-05T18:33:52.323] [ERROR] default - error al desearilar MongooseError: Query was already executed: usuarios.findOne({ _id: new ObjectId("6404f2e32937d606820f3e...
[2023-03-05T18:34:11.306] [ERROR] default - error al desearilar TypeError: this.db.clone is not a function
[2023-03-05T18:34:13.707] [ERROR] default - error al desearilar TypeError: this.db.clone is not a function
[2023-03-05T18:34:17.547] [ERROR] default - error al desearilar TypeError: this.db.clone is not a function
[2023-03-05T18:34:18.379] [ERROR] default - error al desearilar TypeError: this.db.clone is not a function
[2023-03-05T18:34:28.930] [ERROR] default - error al desearilar MongooseError: Query was already executed: usuarios.findOne({ _id: new ObjectId("6404f2e32937d606820f3e...
[2023-03-05T18:35:16.385] [ERROR] default - error al desearilar MongooseError: Query was already executed: usuarios.findOne({ _id: new ObjectId("6404f2e32937d606820f3e...
[2023-03-05T18:43:27.323] [ERROR] default - error al desearilar MongooseError: Query was already executed: usuarios.findOne({ _id: new ObjectId("6404f2e32937d606820f3e...
[2023-03-05T18:43:31.089] [ERROR] default - error al desearilar MongooseError: Query was already executed: usuarios.findOne({ _id: new ObjectId("6404f2e32937d606820f3e...
[2023-03-05T18:44:22.402] [ERROR] default - error al desearilar MongooseError: Query was already executed: usuarios.findOne({ _id: new ObjectId("6404f2e32937d606820f3e...
[2023-03-05T18:44:24.479] [ERROR] default - error al desearilar MongooseError: Query was already executed: usuarios.findOne({ _id: new ObjectId("6404f2e32937d606820f3e...
[2023-03-05T18:44:24.702] [ERROR] default - error al desearilar MongooseError: Query was already executed: usuarios.findOne({ _id: new ObjectId("6404f2e32937d606820f3e...
[2023-03-05T18:44:24.748] [WARN] default - Failed Requist GET at /chat/css/style.css
[2023-03-05T18:44:26.666] [ERROR] default - error al desearilar MongooseError: Query was already executed: usuarios.findOne({ _id: new ObjectId("6404f2e32937d606820f3e...
[2023-03-05T18:44:26.885] [ERROR] default - error al desearilar MongooseError: Query was already executed: usuarios.findOne({ _id: new ObjectId("6404f2e32937d606820f3e...
[2023-03-05T18:44:27.144] [ERROR] default - error al desearilar MongooseError: Query was already executed: usuarios.findOne({ _id: new ObjectId("6404f2e32937d606820f3e...
[2023-03-05T18:44:27.796] [ERROR] default - error al desearilar MongooseError: Query was already executed: usuarios.findOne({ _id: new ObjectId("6404f2e32937d606820f3e...
[2023-03-05T18:44:28.007] [ERROR] default - error al desearilar MongooseError: Query was already executed: usuarios.findOne({ _id: new ObjectId("6404f2e32937d606820f3e...
[2023-03-05T18:44:28.054] [WARN] default - Failed Requist GET at /chat/css/style.css
[2023-03-05T18:45:59.731] [ERROR] default - error al desearilar MongooseError: Query was already executed: usuarios.findOne({ _id: new ObjectId("6404f2e32937d606820f3e...
[2023-03-05T18:46:40.218] [ERROR] default - error al desearilar MongooseError: Query was already executed: usuarios.findOne({ _id: new ObjectId("6404f2e32937d606820f3e...
[2023-03-05T18:47:48.087] [ERROR] default - error al desearilar MongooseError: Query was already executed: usuarios.findOne({ _id: new ObjectId("6404f2e32937d606820f3e...
[2023-03-05T18:47:49.269] [ERROR] default - error al desearilar MongooseError: Query was already executed: usuarios.findOne({ _id: new ObjectId("6404f2e32937d606820f3e...
[2023-03-05T18:49:02.810] [WARN] default - Failed Requist GET at /favicon.ico
[2023-03-05T18:49:03.963] [WARN] default - Failed Requist GET at /favicon.ico
[2023-03-05T18:49:12.140] [ERROR] default - error al desearilar MongooseError: Query was already executed: usuarios.findOne({ _id: new ObjectId("6404f2e32937d606820f3e...
[2023-03-05T18:49:15.261] [ERROR] default - error al desearilar MongooseError: Query was already executed: usuarios.findOne({ _id: new ObjectId("6404f2e32937d606820f3e...
[2023-03-05T18:49:15.520] [ERROR] default - error al desearilar MongooseError: Query was already executed: usuarios.findOne({ _id: new ObjectId("6404f2e32937d606820f3e...
[2023-03-05T18:49:15.523] [ERROR] default - error al desearilar MongooseError: Query was already executed: usuarios.findOne({ _id: new ObjectId("6404f2e32937d606820f3e...
[2023-03-05T18:49:15.563] [WARN] default - Failed Requist GET at /api/soyun
[2023-03-05T18:49:15.569] [WARN] default - Failed Requist GET at /api/www.asdasndaos.com
[2023-03-05T18:49:15.780] [ERROR] default - error al desearilar MongooseError: Query was already executed: usuarios.findOne({ _id: new ObjectId("6404f2e32937d606820f3e...
[2023-03-05T18:49:15.823] [WARN] default - Failed Requist GET at /api/+123asdq2as
